# JRE version: Java(TM) SE Runtime Environment (8.0_151-b12) (build 1.8.0_151-b12)
# Java VM: Java HotSpot(TM) Client VM (25.151-b12 mixed mode windows-x86 )
Heap:
 def new generation   total 8256K, used 1118K [0x04800000, 0x050f0000, 0x09d50000)
  eden space 7360K,   3% used [0x04800000, 0x048379b8, 0x04f30000)
  from space 896K, 100% used [0x04f30000, 0x05010000, 0x05010000)
  to   space 896K,   0% used [0x05010000, 0x05010000, 0x050f0000)
 tenured generation   total 18240K, used 12592K [0x09d50000, 0x0af20000, 0x14800000)
   the space 18240K,  69% used [0x09d50000, 0x0a99c0a0, 0x0a99c200, 0x0af20000)
 Metaspace       used 14322K, capacity 14503K, committed 14592K, reserved 14720K
GC Heap History (10 events):
Event: 1.354 GC heap before
{Heap before GC invocations=6 (full 0):
 def new generation   total 4928K, used 4461K [0x04800000, 0x04d50000, 0x09d50000)
  eden space 4416K,  94% used [0x04800000, 0x04c18980, 0x04c50000)
  from space 512K,  52% used [0x04c50000, 0x04c92bc0, 0x04cd0000)
  to   space 512K,   0% used [0x04cd0000, 0x04cd0000, 0x04d50000)
 tenured generation   total 10944K, used 4202K [0x09d50000, 0x0a800000, 0x14800000)
   the space 10944K,  38% used [0x09d50000, 0x0a16a950, 0x0a16aa00, 0x0a800000)
 Metaspace       used 9781K, capacity 9989K, committed 10112K, reserved 10624K
Event: 1.357 GC heap after
Heap after GC invocations=7 (full 0):
 def new generation   total 4928K, used 15K [0x04800000, 0x04d50000, 0x09d50000)
  eden space 4416K,   0% used [0x04800000, 0x04800000, 0x04c50000)
  from space 512K,   2% used [0x04cd0000, 0x04cd3d70, 0x04d50000)
  to   space 512K,   0% used [0x04c50000, 0x04c50000, 0x04cd0000)
 tenured generation   total 10944K, used 8565K [0x09d50000, 0x0a800000, 0x14800000)
   the space 10944K,  78% used [0x09d50000, 0x0a5ad548, 0x0a5ad600, 0x0a800000)
 Metaspace       used 9781K, capacity 9989K, committed 10112K, reserved 10624K
}
Event: 7.199 GC heap before
{Heap before GC invocations=7 (full 0):
 def new generation   total 4928K, used 4431K [0x04800000, 0x04d50000, 0x09d50000)
  eden space 4416K, 100% used [0x04800000, 0x04c50000, 0x04c50000)
  from space 512K,   2% used [0x04cd0000, 0x04cd3d70, 0x04d50000)
  to   space 512K,   0% used [0x04c50000, 0x04c50000, 0x04cd0000)
 tenured generation   total 10944K, used 8565K [0x09d50000, 0x0a800000, 0x14800000)
   the space 10944K,  78% used [0x09d50000, 0x0a5ad548, 0x0a5ad600, 0x0a800000)
 Metaspace       used 11068K, capacity 11271K, committed 11392K, reserved 11648K
Event: 7.203 GC heap after
Heap after GC invocations=8 (full 0):
 def new generation   total 4928K, used 508K [0x04800000, 0x04d50000, 0x09d50000)
  eden space 4416K,   0% used [0x04800000, 0x04800000, 0x04c50000)
  from space 512K,  99% used [0x04c50000, 0x04ccf1d8, 0x04cd0000)
  to   space 512K,   0% used [0x04cd0000, 0x04cd0000, 0x04d50000)
 tenured generation   total 10944K, used 9898K [0x09d50000, 0x0a800000, 0x14800000)
   the space 10944K,  90% used [0x09d50000, 0x0a6fa810, 0x0a6faa00, 0x0a800000)
 Metaspace       used 11068K, capacity 11271K, committed 11392K, reserved 11648K
}
Event: 7.259 GC heap before
{Heap before GC invocations=8 (full 0):
 def new generation   total 4928K, used 3787K [0x04800000, 0x04d50000, 0x09d50000)
  eden space 4416K,  74% used [0x04800000, 0x04b33de8, 0x04c50000)
  from space 512K,  99% used [0x04c50000, 0x04ccf1d8, 0x04cd0000)
  to   space 512K,   0% used [0x04cd0000, 0x04cd0000, 0x04d50000)
 tenured generation   total 10944K, used 9898K [0x09d50000, 0x0a800000, 0x14800000)
   the space 10944K,  90% used [0x09d50000, 0x0a6fa810, 0x0a6faa00, 0x0a800000)
 Metaspace       used 12026K, capacity 12231K, committed 12288K, reserved 12672K
Event: 7.274 GC heap after
Heap after GC invocations=9 (full 1):
 def new generation   total 8256K, used 126K [0x04800000, 0x050f0000, 0x09d50000)
  eden space 7360K,   1% used [0x04800000, 0x0481fb70, 0x04f30000)
  from space 896K,   0% used [0x04f30000, 0x04f30000, 0x05010000)
  to   space 896K,   0% used [0x05010000, 0x05010000, 0x050f0000)
 tenured generation   total 18240K, used 10943K [0x09d50000, 0x0af20000, 0x14800000)
   the space 18240K,  59% used [0x09d50000, 0x0a7fffa8, 0x0a800000, 0x0af20000)
 Metaspace       used 12026K, capacity 12231K, committed 12288K, reserved 12672K
}
Event: 8.423 GC heap before
{Heap before GC invocations=9 (full 1):
 def new generation   total 8256K, used 7360K [0x04800000, 0x050f0000, 0x09d50000)
  eden space 7360K, 100% used [0x04800000, 0x04f30000, 0x04f30000)
  from space 896K,   0% used [0x04f30000, 0x04f30000, 0x05010000)
  to   space 896K,   0% used [0x05010000, 0x05010000, 0x050f0000)
 tenured generation   total 18240K, used 10943K [0x09d50000, 0x0af20000, 0x14800000)
   the space 18240K,  59% used [0x09d50000, 0x0a7fffa8, 0x0a800000, 0x0af20000)
 Metaspace       used 13277K, capacity 13511K, committed 13568K, reserved 13696K
Event: 8.428 GC heap after
Heap after GC invocations=10 (full 1):
 def new generation   total 8256K, used 896K [0x04800000, 0x050f0000, 0x09d50000)
  eden space 7360K,   0% used [0x04800000, 0x04800000, 0x04f30000)
  from space 896K, 100% used [0x05010000, 0x050f0000, 0x050f0000)
  to   space 896K,   0% used [0x04f30000, 0x04f30000, 0x05010000)
 tenured generation   total 18240K, used 11919K [0x09d50000, 0x0af20000, 0x14800000)
   the space 18240K,  65% used [0x09d50000, 0x0a8f3f40, 0x0a8f4000, 0x0af20000)
 Metaspace       used 13277K, capacity 13511K, committed 13568K, reserved 13696K
}
Event: 807.900 GC heap before
{Heap before GC invocations=10 (full 1):
 def new generation   total 8256K, used 8256K [0x04800000, 0x050f0000, 0x09d50000)
  eden space 7360K, 100% used [0x04800000, 0x04f30000, 0x04f30000)
  from space 896K, 100% used [0x05010000, 0x050f0000, 0x050f0000)
  to   space 896K,   0% used [0x04f30000, 0x04f30000, 0x05010000)
 tenured generation   total 18240K, used 11919K [0x09d50000, 0x0af20000, 0x14800000)
   the space 18240K,  65% used [0x09d50000, 0x0a8f3f40, 0x0a8f4000, 0x0af20000)
 Metaspace       used 14322K, capacity 14503K, committed 14592K, reserved 14720K
Event: 807.906 GC heap after
Heap after GC invocations=11 (full 1):
 def new generation   total 8256K, used 896K [0x04800000, 0x050f0000, 0x09d50000)
  eden space 7360K,   0% used [0x04800000, 0x04800000, 0x04f30000)
  from space 896K, 100% used [0x04f30000, 0x05010000, 0x05010000)
  to   space 896K,   0% used [0x05010000, 0x05010000, 0x050f0000)
 tenured generation   total 18240K, used 12592K [0x09d50000, 0x0af20000, 0x14800000)
   the space 18240K,  69% used [0x09d50000, 0x0a99c0a0, 0x0a99c200, 0x0af20000)
 Metaspace       used 14322K, capacity 14503K, committed 14592K, reserved 14720K
}

