# JRE version: Java(TM) SE Runtime Environment (8.0_151-b12) (build 1.8.0_151-b12)
# Java VM: Java HotSpot(TM) Client VM (25.151-b12 mixed mode windows-x86 )
Heap:
 def new generation   total 11712K, used 476K [0x04800000, 0x054b0000, 0x09d50000)
  eden space 10432K,   4% used [0x04800000, 0x048704a8, 0x05230000)
  from space 1280K,   2% used [0x05370000, 0x05376cb0, 0x054b0000)
  to   space 1280K,   0% used [0x05230000, 0x05230000, 0x05370000)
 tenured generation   total 25876K, used 18247K [0x09d50000, 0x0b695000, 0x14800000)
   the space 25876K,  70% used [0x09d50000, 0x0af21ff0, 0x0af22000, 0x0b695000)
 Metaspace       used 14317K, capacity 14518K, committed 14592K, reserved 14720K
GC Heap History (10 events):
Event: 337.590 GC heap before
{Heap before GC invocations=8 (full 0):
 def new generation   total 4928K, used 4732K [0x04800000, 0x04d50000, 0x09d50000)
  eden space 4416K, 100% used [0x04800000, 0x04c50000, 0x04c50000)
  from space 512K,  61% used [0x04c50000, 0x04c9f058, 0x04cd0000)
  to   space 512K,   0% used [0x04cd0000, 0x04cd0000, 0x04d50000)
 tenured generation   total 10944K, used 9202K [0x09d50000, 0x0a800000, 0x14800000)
   the space 10944K,  84% used [0x09d50000, 0x0a64c9a8, 0x0a64ca00, 0x0a800000)
 Metaspace       used 11060K, capacity 11271K, committed 11392K, reserved 11648K
Event: 337.595 GC heap after
Heap after GC invocations=9 (full 0):
 def new generation   total 4928K, used 512K [0x04800000, 0x04d50000, 0x09d50000)
  eden space 4416K,   0% used [0x04800000, 0x04800000, 0x04c50000)
  from space 512K, 100% used [0x04cd0000, 0x04d50000, 0x04d50000)
  to   space 512K,   0% used [0x04c50000, 0x04c50000, 0x04cd0000)
 tenured generation   total 10944K, used 9928K [0x09d50000, 0x0a800000, 0x14800000)
   the space 10944K,  90% used [0x09d50000, 0x0a7023d8, 0x0a702400, 0x0a800000)
 Metaspace       used 11060K, capacity 11271K, committed 11392K, reserved 11648K
}
Event: 337.753 GC heap before
{Heap before GC invocations=9 (full 0):
 def new generation   total 4928K, used 4042K [0x04800000, 0x04d50000, 0x09d50000)
  eden space 4416K,  79% used [0x04800000, 0x04b72b10, 0x04c50000)
  from space 512K, 100% used [0x04cd0000, 0x04d50000, 0x04d50000)
  to   space 512K,   0% used [0x04c50000, 0x04c50000, 0x04cd0000)
 tenured generation   total 10944K, used 9928K [0x09d50000, 0x0a800000, 0x14800000)
   the space 10944K,  90% used [0x09d50000, 0x0a7023d8, 0x0a702400, 0x0a800000)
 Metaspace       used 12051K, capacity 12231K, committed 12288K, reserved 12672K
Event: 337.768 GC heap after
Heap after GC invocations=10 (full 1):
 def new generation   total 7680K, used 0K [0x04800000, 0x05050000, 0x09d50000)
  eden space 6848K,   0% used [0x04800000, 0x04800000, 0x04eb0000)
  from space 832K,   0% used [0x04eb0000, 0x04eb0000, 0x04f80000)
  to   space 832K,   0% used [0x04f80000, 0x04f80000, 0x05050000)
 tenured generation   total 16948K, used 10168K [0x09d50000, 0x0addd000, 0x14800000)
   the space 16948K,  59% used [0x09d50000, 0x0a73e148, 0x0a73e200, 0x0addd000)
 Metaspace       used 12044K, capacity 12214K, committed 12288K, reserved 12672K
}
Event: 338.650 GC heap before
{Heap before GC invocations=10 (full 1):
 def new generation   total 7680K, used 6848K [0x04800000, 0x05050000, 0x09d50000)
  eden space 6848K, 100% used [0x04800000, 0x04eb0000, 0x04eb0000)
  from space 832K,   0% used [0x04eb0000, 0x04eb0000, 0x04f80000)
  to   space 832K,   0% used [0x04f80000, 0x04f80000, 0x05050000)
 tenured generation   total 16948K, used 10168K [0x09d50000, 0x0addd000, 0x14800000)
   the space 16948K,  59% used [0x09d50000, 0x0a73e148, 0x0a73e200, 0x0addd000)
 Metaspace       used 13191K, capacity 13366K, committed 13440K, reserved 13696K
Event: 338.654 GC heap after
Heap after GC invocations=11 (full 1):
 def new generation   total 7680K, used 832K [0x04800000, 0x05050000, 0x09d50000)
  eden space 6848K,   0% used [0x04800000, 0x04800000, 0x04eb0000)
  from space 832K, 100% used [0x04f80000, 0x05050000, 0x05050000)
  to   space 832K,   0% used [0x04eb0000, 0x04eb0000, 0x04f80000)
 tenured generation   total 16948K, used 10976K [0x09d50000, 0x0addd000, 0x14800000)
   the space 16948K,  64% used [0x09d50000, 0x0a8080e8, 0x0a808200, 0x0addd000)
 Metaspace       used 13191K, capacity 13366K, committed 13440K, reserved 13696K
}
Event: 797.348 GC heap before
{Heap before GC invocations=11 (full 1):
 def new generation   total 7680K, used 7680K [0x04800000, 0x05050000, 0x09d50000)
  eden space 6848K, 100% used [0x04800000, 0x04eb0000, 0x04eb0000)
  from space 832K, 100% used [0x04f80000, 0x05050000, 0x05050000)
  to   space 832K,   0% used [0x04eb0000, 0x04eb0000, 0x04f80000)
 tenured generation   total 16948K, used 10976K [0x09d50000, 0x0addd000, 0x14800000)
   the space 16948K,  64% used [0x09d50000, 0x0a8080e8, 0x0a808200, 0x0addd000)
 Metaspace       used 14294K, capacity 14518K, committed 14592K, reserved 14720K
Event: 797.362 GC heap after
Heap after GC invocations=12 (full 1):
 def new generation   total 7680K, used 832K [0x04800000, 0x05050000, 0x09d50000)
  eden space 6848K,   0% used [0x04800000, 0x04800000, 0x04eb0000)
  from space 832K, 100% used [0x04eb0000, 0x04f80000, 0x04f80000)
  to   space 832K,   0% used [0x04f80000, 0x04f80000, 0x05050000)
 tenured generation   total 16948K, used 12153K [0x09d50000, 0x0addd000, 0x14800000)
   the space 16948K,  71% used [0x09d50000, 0x0a92e568, 0x0a92e600, 0x0addd000)
 Metaspace       used 14294K, capacity 14518K, committed 14592K, reserved 14720K
}
Event: 1103.710 GC heap before
{Heap before GC invocations=12 (full 1):
 def new generation   total 7680K, used 7680K [0x04800000, 0x05050000, 0x09d50000)
  eden space 6848K, 100% used [0x04800000, 0x04eb0000, 0x04eb0000)
  from space 832K, 100% used [0x04eb0000, 0x04f80000, 0x04f80000)
  to   space 832K,   0% used [0x04f80000, 0x04f80000, 0x05050000)
 tenured generation   total 16948K, used 12153K [0x09d50000, 0x0addd000, 0x14800000)
   the space 16948K,  71% used [0x09d50000, 0x0a92e568, 0x0a92e600, 0x0addd000)
 Metaspace       used 14317K, capacity 14518K, committed 14592K, reserved 14720K
Event: 1103.734 GC heap after
Heap after GC invocations=13 (full 2):
 def new generation   total 11712K, used 0K [0x04800000, 0x054b0000, 0x09d50000)
  eden space 10432K,   0% used [0x04800000, 0x04800000, 0x05230000)
  from space 1280K,   0% used [0x05230000, 0x05230000, 0x05370000)
  to   space 1280K,   0% used [0x05370000, 0x05370000, 0x054b0000)
 tenured generation   total 25876K, used 15524K [0x09d50000, 0x0b695000, 0x14800000)
   the space 25876K,  59% used [0x09d50000, 0x0ac79190, 0x0ac79200, 0x0b695000)
 Metaspace       used 14317K, capacity 14518K, committed 14592K, reserved 14720K
}

